<?xml version="1.0" encoding="UTF-8"?>
<testng-results ignored="0" total="1" passed="1" failed="0" skipped="0">
  <reporter-output>
  </reporter-output>
  <suite started-at="2025-07-25T14:29:34 ART" name="Default suite" finished-at="2025-07-25T14:29:42 ART" duration-ms="7687">
    <groups>
    </groups>
    <test started-at="2025-07-25T14:29:34 ART" name="Default test" finished-at="2025-07-25T14:29:42 ART" duration-ms="7687">
      <class name="cartTests.CartTest">
        <test-method is-config="true" signature="setUp()[pri:0, instance:cartTests.CartTest@2f4948e4]" started-at="2025-07-25T14:29:34 ART" name="setUp" finished-at="2025-07-25T14:29:40 ART" duration-ms="5997" status="PASS">
          <reporter-output>
          </reporter-output>
        </test-method> <!-- setUp -->
        <test-method signature="cartTest()[pri:0, instance:cartTests.CartTest@2f4948e4]" started-at="2025-07-25T14:29:40 ART" name="cartTest" finished-at="2025-07-25T14:29:42 ART" duration-ms="1515" status="PASS">
          <reporter-output>
          </reporter-output>
        </test-method> <!-- cartTest -->
        <test-method is-config="true" signature="tearDown()[pri:0, instance:cartTests.CartTest@2f4948e4]" started-at="2025-07-25T14:29:42 ART" name="tearDown" finished-at="2025-07-25T14:29:42 ART" duration-ms="145" status="PASS">
          <reporter-output>
          </reporter-output>
        </test-method> <!-- tearDown -->
      </class> <!-- cartTests.CartTest -->
    </test> <!-- Default test -->
  </suite> <!-- Default suite -->
</testng-results>
